;  LST file generated by mikroListExporter - v.2.0 
; Date/Time: 17/06/2025 21:56:33
;----------------------------------------------

;Address Opcode 	ASM
0x0000	0x2847      	GOTO       71
_beep_ms2:
;Deber1Embebidos.c,8 :: 		void beep_ms2() {
;Deber1Embebidos.c,9 :: 		RD0_bit = 1;
0x0003	0x1283      	BCF        STATUS, 5
0x0004	0x1303      	BCF        STATUS, 6
0x0005	0x1408      	BSF        RD0_bit, BitPos(RD0_bit+0)
;Deber1Embebidos.c,10 :: 		Delay_ms(120);
0x0006	0x3002      	MOVLW      2
0x0007	0x00FB      	MOVWF      R11
0x0008	0x3038      	MOVLW      56
0x0009	0x00FC      	MOVWF      R12
0x000A	0x30AD      	MOVLW      173
0x000B	0x00FD      	MOVWF      R13
L_beep_ms22:
0x000C	0x0BFD      	DECFSZ     R13, 1
0x000D	0x280C      	GOTO       L_beep_ms22
0x000E	0x0BFC      	DECFSZ     R12, 1
0x000F	0x280C      	GOTO       L_beep_ms22
0x0010	0x0BFB      	DECFSZ     R11, 1
0x0011	0x280C      	GOTO       L_beep_ms22
;Deber1Embebidos.c,11 :: 		RD0_bit = 0;
0x0012	0x1008      	BCF        RD0_bit, BitPos(RD0_bit+0)
;Deber1Embebidos.c,12 :: 		Delay_ms(60);
0x0013	0x309C      	MOVLW      156
0x0014	0x00FC      	MOVWF      R12
0x0015	0x30D7      	MOVLW      215
0x0016	0x00FD      	MOVWF      R13
L_beep_ms23:
0x0017	0x0BFD      	DECFSZ     R13, 1
0x0018	0x2817      	GOTO       L_beep_ms23
0x0019	0x0BFC      	DECFSZ     R12, 1
0x001A	0x2817      	GOTO       L_beep_ms23
;Deber1Embebidos.c,13 :: 		}
L_end_beep_ms2:
0x001B	0x0008      	RETURN
; end of _beep_ms2
_beep_ms1:
;Deber1Embebidos.c,1 :: 		void beep_ms1() {
;Deber1Embebidos.c,2 :: 		RD0_bit = 1;
0x001C	0x1283      	BCF        STATUS, 5
0x001D	0x1303      	BCF        STATUS, 6
0x001E	0x1408      	BSF        RD0_bit, BitPos(RD0_bit+0)
;Deber1Embebidos.c,3 :: 		Delay_ms(80);
0x001F	0x30D0      	MOVLW      208
0x0020	0x00FC      	MOVWF      R12
0x0021	0x30C9      	MOVLW      201
0x0022	0x00FD      	MOVWF      R13
L_beep_ms10:
0x0023	0x0BFD      	DECFSZ     R13, 1
0x0024	0x2823      	GOTO       L_beep_ms10
0x0025	0x0BFC      	DECFSZ     R12, 1
0x0026	0x2823      	GOTO       L_beep_ms10
0x0027	0x0000      	NOP
0x0028	0x0000      	NOP
;Deber1Embebidos.c,4 :: 		RD0_bit = 0;
0x0029	0x1008      	BCF        RD0_bit, BitPos(RD0_bit+0)
;Deber1Embebidos.c,5 :: 		Delay_ms(40);
0x002A	0x3068      	MOVLW      104
0x002B	0x00FC      	MOVWF      R12
0x002C	0x30E4      	MOVLW      228
0x002D	0x00FD      	MOVWF      R13
L_beep_ms11:
0x002E	0x0BFD      	DECFSZ     R13, 1
0x002F	0x282E      	GOTO       L_beep_ms11
0x0030	0x0BFC      	DECFSZ     R12, 1
0x0031	0x282E      	GOTO       L_beep_ms11
0x0032	0x0000      	NOP
;Deber1Embebidos.c,6 :: 		}
L_end_beep_ms1:
0x0033	0x0008      	RETURN
; end of _beep_ms1
_waka_waka_sound:
;Deber1Embebidos.c,16 :: 		void waka_waka_sound() {
;Deber1Embebidos.c,17 :: 		beep_ms1(); // tono 1
0x0034	0x201C      	CALL       _beep_ms1
;Deber1Embebidos.c,18 :: 		beep_ms1(); // tono 2
0x0035	0x201C      	CALL       _beep_ms1
;Deber1Embebidos.c,19 :: 		}
L_end_waka_waka_sound:
0x0036	0x0008      	RETURN
; end of _waka_waka_sound
_game_over_sound:
;Deber1Embebidos.c,22 :: 		void game_over_sound() {
;Deber1Embebidos.c,23 :: 		beep_ms2();
0x0037	0x2003      	CALL       _beep_ms2
;Deber1Embebidos.c,24 :: 		beep_ms1();
0x0038	0x201C      	CALL       _beep_ms1
;Deber1Embebidos.c,25 :: 		Delay_ms(150);
0x0039	0x3002      	MOVLW      2
0x003A	0x00FB      	MOVWF      R11
0x003B	0x3086      	MOVLW      134
0x003C	0x00FC      	MOVWF      R12
0x003D	0x3099      	MOVLW      153
0x003E	0x00FD      	MOVWF      R13
L_game_over_sound4:
0x003F	0x0BFD      	DECFSZ     R13, 1
0x0040	0x283F      	GOTO       L_game_over_sound4
0x0041	0x0BFC      	DECFSZ     R12, 1
0x0042	0x283F      	GOTO       L_game_over_sound4
0x0043	0x0BFB      	DECFSZ     R11, 1
0x0044	0x283F      	GOTO       L_game_over_sound4
;Deber1Embebidos.c,26 :: 		beep_ms1();
0x0045	0x201C      	CALL       _beep_ms1
;Deber1Embebidos.c,27 :: 		}
L_end_game_over_sound:
0x0046	0x0008      	RETURN
; end of _game_over_sound
_main:
;Deber1Embebidos.c,29 :: 		void main() {
;Deber1Embebidos.c,30 :: 		TRISD0_bit = 0; // RD0 como salida (buzzer)
0x0047	0x1683      	BSF        STATUS, 5
0x0048	0x1303      	BCF        STATUS, 6
0x0049	0x1008      	BCF        TRISD0_bit, BitPos(TRISD0_bit+0)
;Deber1Embebidos.c,31 :: 		TRISD1_bit = 1; // RD1 como entrada (comida)
0x004A	0x1488      	BSF        TRISD1_bit, BitPos(TRISD1_bit+0)
;Deber1Embebidos.c,32 :: 		TRISD2_bit = 1; // RD2 como entrada (game over)
0x004B	0x1508      	BSF        TRISD2_bit, BitPos(TRISD2_bit+0)
;Deber1Embebidos.c,34 :: 		RD0_bit = 0;
0x004C	0x1283      	BCF        STATUS, 5
0x004D	0x1008      	BCF        RD0_bit, BitPos(RD0_bit+0)
;Deber1Embebidos.c,36 :: 		while (1) {
L_main5:
;Deber1Embebidos.c,37 :: 		if (RD1_bit == 1) {
0x004E	0x1C88      	BTFSS      RD1_bit, BitPos(RD1_bit+0)
0x004F	0x2854      	GOTO       L_main7
;Deber1Embebidos.c,38 :: 		waka_waka_sound();
0x0050	0x2034      	CALL       _waka_waka_sound
;Deber1Embebidos.c,39 :: 		while (RD1_bit == 1); // Esperar liberación
L_main8:
0x0051	0x1C88      	BTFSS      RD1_bit, BitPos(RD1_bit+0)
0x0052	0x2854      	GOTO       L_main9
0x0053	0x2851      	GOTO       L_main8
L_main9:
;Deber1Embebidos.c,40 :: 		}
L_main7:
;Deber1Embebidos.c,42 :: 		if (RD2_bit == 1) {
0x0054	0x1D08      	BTFSS      RD2_bit, BitPos(RD2_bit+0)
0x0055	0x285A      	GOTO       L_main10
;Deber1Embebidos.c,43 :: 		game_over_sound();
0x0056	0x2037      	CALL       _game_over_sound
;Deber1Embebidos.c,44 :: 		while (RD2_bit == 1); // Esperar liberación
L_main11:
0x0057	0x1D08      	BTFSS      RD2_bit, BitPos(RD2_bit+0)
0x0058	0x285A      	GOTO       L_main12
0x0059	0x2857      	GOTO       L_main11
L_main12:
;Deber1Embebidos.c,45 :: 		}
L_main10:
;Deber1Embebidos.c,46 :: 		}
0x005A	0x284E      	GOTO       L_main5
;Deber1Embebidos.c,47 :: 		}
L_end_main:
0x005B	0x285B      	GOTO       $+0
; end of _main
Symbol List:
//** Routines locations **
//ADDRESS    SIZE    PROCEDURE
//----------------------------------------------
0x0003      [25]    _beep_ms2
0x001C      [24]    _beep_ms1
0x0034       [3]    _waka_waka_sound
0x0037      [16]    _game_over_sound
0x0047      [21]    _main
//** Variables locations ** 
//ADDRESS    SIZE    VARIABLE
//----------------------------------------------
0x0000       [1]    INDF
0x0003       [1]    STATUS
0x0004       [1]    FSR
0x0008       [0]    RD1_bit
0x0008       [0]    RD2_bit
0x0008       [0]    RD0_bit
0x000A       [1]    PCLATH
0x0020       [2]    ___DoICPAddr
0x0070       [1]    R0
0x0071       [1]    R1
0x0072       [1]    R2
0x0073       [1]    R3
0x0074       [1]    R4
0x0075       [1]    R5
0x0076       [1]    R6
0x0077       [1]    R7
0x0078       [1]    R8
0x0079       [1]    R9
0x007A       [1]    R10
0x007B       [1]    R11
0x007C       [1]    R12
0x007D       [1]    R13
0x007E       [1]    R14
0x007F       [1]    R15
0x0088       [0]    TRISD1_bit
0x0088       [0]    TRISD0_bit
0x0088       [0]    TRISD2_bit
